Arguments: 
  /Users/danielbisgrove/.nvm/versions/node/v16.14.0/bin/node /Users/danielbisgrove/.nvm/versions/node/v16.14.0/bin/yarn init

PATH: 
  /opt/homebrew/opt/ruby@3.0/bin:/opt/homebrew/opt/ruby/bin:/opt/homebrew/opt/ruby/bin:/Users/danielbisgrove/Documents/Web_Dev/ecs_config/bin:/Users/danielbisgrove/Documents/Web_Dev/ecs_config/bin:/Users/danielbisgrove/.nvm/versions/node/v16.14.0/bin:/opt/homebrew/bin:/opt/homebrew/sbin:/usr/local/bin:/System/Cryptexes/App/usr/bin:/usr/bin:/bin:/usr/sbin:/sbin:/usr/local/munki:/Library/Apple/usr/bin:/Users/danielbisgrove/.rvm/bin

Yarn version: 
  1.22.19

Node version: 
  16.14.0

Platform: 
  darwin arm64

Trace: 
  Error: canceled
      at Interface.<anonymous> (/Users/danielbisgrove/.nvm/versions/node/v16.14.0/lib/node_modules/yarn/lib/cli.js:137150:13)
      at Interface.emit (node:events:520:28)
      at Interface._ttyWrite (node:readline:1081:16)
      at ReadStream.onkeypress (node:readline:288:10)
      at ReadStream.emit (node:events:520:28)
      at emitKeys (node:internal/readline/utils:358:14)
      at emitKeys.next (<anonymous>)
      at ReadStream.onData (node:internal/readline/emitKeypressEvents:61:36)
      at ReadStream.emit (node:events:520:28)
      at addChunk (node:internal/streams/readable:315:12)

npm manifest: 
  {
    "name": "continuous-integration",
    "version": "1.0.3",
    "description": "This is a test repo where we test GHA CI workflows.",
    "main": "index.js",
    "scripts": {
      "test": "echo \"Error: no test specified\" && exit 1"
    },
    "keywords": [
      "continuous integration",
      "CI"
    ],
    "repository": {
      "type": "git",
      "url": "git+https://github.com/dr-bizz/test-ci.git"
    },
    "author": "Bizz Websites",
    "license": "ISC",
    "bugs": {
      "url": "https://github.com/dr-bizz/test-ci/issues"
    },
    "homepage": "https://github.com/dr-bizz/test-ci#readme"
  }

yarn manifest: 
  No manifest

Lockfile: 
  # THIS IS AN AUTOGENERATED FILE. DO NOT EDIT THIS FILE DIRECTLY.
  # yarn lockfile v1
